<?xml version="1.0" encoding="UTF-8"?>
<!-- Generated by org.testng.reporters.JUnitXMLReporter -->
<testsuite hostname="EPUAKYIW2440" name="Command line test" tests="4" failures="0" timestamp="15 Jan 2017 17:01:54 GMT" time="0.113" errors="0">
  <testcase name="isElementPresent" time="0.028" classname="com.screwfix.MainPageTest"/>
  <testcase name="isElementPresent" time="0.029" classname="com.screwfix.MainPageTest"/>
  <testcase name="isElementPresent" time="0.019" classname="com.screwfix.MainPageTest"/>
  <testcase name="isElementPresent" time="0.019" classname="com.screwfix.MainPageTest"/>
</testsuite> <!-- Command line test -->
