-------------------------------------------------------------------------------
Test set: com.screwfix.MainPageTest
-------------------------------------------------------------------------------
Tests run: 30, Failures: 0, Errors: 20, Skipped: 10, Time elapsed: 0.846 sec <<< FAILURE!
Given User on Screwfix main page(| Your account link | #header_link_sign_in\" |)  Time elapsed: 0.007 sec  <<< ERROR!
java.lang.NullPointerException
	at com.screwfix.MainPageSteps.openScrewfixPage(MainPageSteps.java:46)
	at ✽.Given User on Screwfix main page(src/test/resources/cucumber/feature/MainPageFeature.feature:4)
| Your account link | #header_link_sign_in\" |  Time elapsed: 0.01 sec  <<< ERROR!
java.lang.NullPointerException
	at com.screwfix.MainPageSteps.openScrewfixPage(MainPageSteps.java:46)
	at ✽.Given User on Screwfix main page(src/test/resources/cucumber/feature/MainPageFeature.feature:4)
Given User on Screwfix main page(| Search button | #search_submit_button |)  Time elapsed: 0.001 sec  <<< ERROR!
java.lang.NullPointerException
	at com.screwfix.MainPageSteps.openScrewfixPage(MainPageSteps.java:46)
	at ✽.Given User on Screwfix main page(src/test/resources/cucumber/feature/MainPageFeature.feature:4)
| Search button | #search_submit_button |  Time elapsed: 0.001 sec  <<< ERROR!
java.lang.NullPointerException
	at com.screwfix.MainPageSteps.openScrewfixPage(MainPageSteps.java:46)
	at ✽.Given User on Screwfix main page(src/test/resources/cucumber/feature/MainPageFeature.feature:4)
Given User on Screwfix main page(| Screwfix logo | #branding-logo |)  Time elapsed: 0 sec  <<< ERROR!
java.lang.NullPointerException
	at com.screwfix.MainPageSteps.openScrewfixPage(MainPageSteps.java:46)
	at ✽.Given User on Screwfix main page(src/test/resources/cucumber/feature/MainPageFeature.feature:4)
| Screwfix logo | #branding-logo |  Time elapsed: 0 sec  <<< ERROR!
java.lang.NullPointerException
	at com.screwfix.MainPageSteps.openScrewfixPage(MainPageSteps.java:46)
	at ✽.Given User on Screwfix main page(src/test/resources/cucumber/feature/MainPageFeature.feature:4)
Given User on Screwfix main page(| Tools Menu | #firstLevelCat_0 |)  Time elapsed: 0 sec  <<< ERROR!
java.lang.NullPointerException
	at com.screwfix.MainPageSteps.openScrewfixPage(MainPageSteps.java:46)
	at ✽.Given User on Screwfix main page(src/test/resources/cucumber/feature/MainPageFeature.feature:4)
| Tools Menu | #firstLevelCat_0 |  Time elapsed: 0 sec  <<< ERROR!
java.lang.NullPointerException
	at com.screwfix.MainPageSteps.openScrewfixPage(MainPageSteps.java:46)
	at ✽.Given User on Screwfix main page(src/test/resources/cucumber/feature/MainPageFeature.feature:4)
Given User on Screwfix main page(| Heating & Plumbing Menu | #firstLevelCat_1 |)  Time elapsed: 0 sec  <<< ERROR!
java.lang.NullPointerException
	at com.screwfix.MainPageSteps.openScrewfixPage(MainPageSteps.java:46)
	at ✽.Given User on Screwfix main page(src/test/resources/cucumber/feature/MainPageFeature.feature:4)
| Heating & Plumbing Menu | #firstLevelCat_1 |  Time elapsed: 0 sec  <<< ERROR!
java.lang.NullPointerException
	at com.screwfix.MainPageSteps.openScrewfixPage(MainPageSteps.java:46)
	at ✽.Given User on Screwfix main page(src/test/resources/cucumber/feature/MainPageFeature.feature:4)
Given User on Screwfix main page(| Checkout | .checkout |)  Time elapsed: 0 sec  <<< ERROR!
java.lang.NullPointerException
	at com.screwfix.MainPageSteps.openScrewfixPage(MainPageSteps.java:46)
	at ✽.Given User on Screwfix main page(src/test/resources/cucumber/feature/MainPageFeature.feature:4)
| Checkout | .checkout |  Time elapsed: 0 sec  <<< ERROR!
java.lang.NullPointerException
	at com.screwfix.MainPageSteps.openScrewfixPage(MainPageSteps.java:46)
	at ✽.Given User on Screwfix main page(src/test/resources/cucumber/feature/MainPageFeature.feature:4)
Given User on Screwfix main page(| View All Top Brands link | .ViewAllLink |)  Time elapsed: 0 sec  <<< ERROR!
java.lang.NullPointerException
	at com.screwfix.MainPageSteps.openScrewfixPage(MainPageSteps.java:46)
	at ✽.Given User on Screwfix main page(src/test/resources/cucumber/feature/MainPageFeature.feature:4)
| View All Top Brands link | .ViewAllLink |  Time elapsed: 0 sec  <<< ERROR!
java.lang.NullPointerException
	at com.screwfix.MainPageSteps.openScrewfixPage(MainPageSteps.java:46)
	at ✽.Given User on Screwfix main page(src/test/resources/cucumber/feature/MainPageFeature.feature:4)
Given User on Screwfix main page(| Contact Us link | .icon-contact |)  Time elapsed: 0 sec  <<< ERROR!
java.lang.NullPointerException
	at com.screwfix.MainPageSteps.openScrewfixPage(MainPageSteps.java:46)
	at ✽.Given User on Screwfix main page(src/test/resources/cucumber/feature/MainPageFeature.feature:4)
| Contact Us link | .icon-contact |  Time elapsed: 0 sec  <<< ERROR!
java.lang.NullPointerException
	at com.screwfix.MainPageSteps.openScrewfixPage(MainPageSteps.java:46)
	at ✽.Given User on Screwfix main page(src/test/resources/cucumber/feature/MainPageFeature.feature:4)
Given User on Screwfix main page(| Find A Store link | a[title=\'Find a Store\'] |)  Time elapsed: 0.001 sec  <<< ERROR!
java.lang.NullPointerException
	at com.screwfix.MainPageSteps.openScrewfixPage(MainPageSteps.java:46)
	at ✽.Given User on Screwfix main page(src/test/resources/cucumber/feature/MainPageFeature.feature:4)
| Find A Store link | a[title=\'Find a Store\'] |  Time elapsed: 0.001 sec  <<< ERROR!
java.lang.NullPointerException
	at com.screwfix.MainPageSteps.openScrewfixPage(MainPageSteps.java:46)
	at ✽.Given User on Screwfix main page(src/test/resources/cucumber/feature/MainPageFeature.feature:4)
Given User on Screwfix main page(| About Us link | a[title=\'About Us\'] |)  Time elapsed: 0 sec  <<< ERROR!
java.lang.NullPointerException
	at com.screwfix.MainPageSteps.openScrewfixPage(MainPageSteps.java:46)
	at ✽.Given User on Screwfix main page(src/test/resources/cucumber/feature/MainPageFeature.feature:4)
| About Us link | a[title=\'About Us\'] |  Time elapsed: 0 sec  <<< ERROR!
java.lang.NullPointerException
	at com.screwfix.MainPageSteps.openScrewfixPage(MainPageSteps.java:46)
	at ✽.Given User on Screwfix main page(src/test/resources/cucumber/feature/MainPageFeature.feature:4)
