<?xml version="1.0" encoding="UTF-8"?>
<testng-results skipped="0" failed="0" total="4" passed="4">
  <reporter-output>
  </reporter-output>
  <suite name="com.screwfix.MainPageTest" duration-ms="113" started-at="2017-01-15T17:01:54Z" finished-at="2017-01-15T17:01:54Z">
    <groups>
    </groups>
    <test name="Command line test" duration-ms="113" started-at="2017-01-15T17:01:54Z" finished-at="2017-01-15T17:01:54Z">
      <class name="com.screwfix.MainPageTest">
        <test-method status="PASS" signature="setUp()[pri:0, instance:com.screwfix.MainPageTest@79698539]" name="setUp" is-config="true" duration-ms="7697" started-at="2017-01-15T19:01:47Z" finished-at="2017-01-15T19:01:54Z">
          <reporter-output>
          </reporter-output>
        </test-method> <!-- setUp -->
        <test-method status="PASS" signature="isElementPresent(java.lang.String, java.lang.String)[pri:0, instance:com.screwfix.MainPageTest@79698539]" name="isElementPresent" duration-ms="28" started-at="2017-01-15T19:01:54Z" data-provider="main page elements" finished-at="2017-01-15T19:01:54Z">
          <params>
            <param index="0">
              <value>
                <![CDATA[Your account link]]>
              </value>
            </param>
            <param index="1">
              <value>
                <![CDATA[header_link_sign_in]]>
              </value>
            </param>
          </params>
          <reporter-output>
          </reporter-output>
        </test-method> <!-- isElementPresent -->
        <test-method status="PASS" signature="isElementPresent(java.lang.String, java.lang.String)[pri:0, instance:com.screwfix.MainPageTest@79698539]" name="isElementPresent" duration-ms="29" started-at="2017-01-15T19:01:54Z" data-provider="main page elements" finished-at="2017-01-15T19:01:54Z">
          <params>
            <param index="0">
              <value>
                <![CDATA[]]>
              </value>
            </param>
            <param index="1">
              <value>
                <![CDATA[search_submit_button]]>
              </value>
            </param>
          </params>
          <reporter-output>
          </reporter-output>
        </test-method> <!-- isElementPresent -->
        <test-method status="PASS" signature="isElementPresent(java.lang.String, java.lang.String)[pri:0, instance:com.screwfix.MainPageTest@79698539]" name="isElementPresent" duration-ms="19" started-at="2017-01-15T19:01:54Z" data-provider="main page elements" finished-at="2017-01-15T19:01:54Z">
          <params>
            <param index="0">
              <value>
                <![CDATA[]]>
              </value>
            </param>
            <param index="1">
              <value>
                <![CDATA[branding-logo]]>
              </value>
            </param>
          </params>
          <reporter-output>
          </reporter-output>
        </test-method> <!-- isElementPresent -->
        <test-method status="PASS" signature="isElementPresent(java.lang.String, java.lang.String)[pri:0, instance:com.screwfix.MainPageTest@79698539]" name="isElementPresent" duration-ms="19" started-at="2017-01-15T19:01:54Z" data-provider="main page elements" finished-at="2017-01-15T19:01:54Z">
          <params>
            <param index="0">
              <value>
                <![CDATA[]]>
              </value>
            </param>
            <param index="1">
              <value>
                <![CDATA[firstLevelCat_0]]>
              </value>
            </param>
          </params>
          <reporter-output>
          </reporter-output>
        </test-method> <!-- isElementPresent -->
        <test-method status="PASS" signature="teardown()[pri:0, instance:com.screwfix.MainPageTest@79698539]" name="teardown" is-config="true" duration-ms="1241" started-at="2017-01-15T19:01:54Z" finished-at="2017-01-15T19:01:56Z">
          <reporter-output>
          </reporter-output>
        </test-method> <!-- teardown -->
      </class> <!-- com.screwfix.MainPageTest -->
    </test> <!-- Command line test -->
  </suite> <!-- com.screwfix.MainPageTest -->
</testng-results>
